#
# There is insufficient memory for the Java Runtime Environment to continue.
# Native memory allocation (mmap) failed to map 268435456 bytes. Error detail: G1 virtual space
# Possible reasons:
#   The system is out of physical RAM or swap space
#   This process is running with CompressedOops enabled, and the Java Heap may be blocking the growth of the native heap
# Possible solutions:
#   Reduce memory load on the system
#   Increase physical memory or swap space
#   Check if swap backing store is full
#   Decrease Java heap size (-Xmx/-Xms)
#   Decrease number of Java threads
#   Decrease Java thread stack sizes (-Xss)
#   Set larger code cache with -XX:ReservedCodeCacheSize=
#   JVM is running with Zero Based Compressed Oops mode in which the Java heap is
#     placed in the first 32GB address space. The Java Heap base address is the
#     maximum limit for the native heap growth. Please use -XX:HeapBaseMinAddress
#     to set the Java Heap base and to place the Java Heap above 32GB virtual address.
# This output file may be truncated or incomplete.
#
#  Out of Memory Error (os_windows.cpp:3707), pid=11824, tid=10188
#
# JRE version:  (23.0.2+7) (build )
# Java VM: OpenJDK 64-Bit Server VM (23.0.2+7, mixed mode, sharing, tiered, compressed oops, compressed class ptrs, g1 gc, windows-amd64)
# No core dump will be written. Minidumps are not enabled by default on client versions of Windows
#

---------------  S U M M A R Y ------------

Command Line: -Dfile.encoding=UTF-8 -Dstdout.encoding=UTF-8 -Dstderr.encoding=UTF-8 -XX:+ShowCodeDetailsInExceptionMessages Main

Host: Intel(R) Core(TM) i7-7700HQ CPU @ 2.80GHz, 8 cores, 15G,  Windows 10 , 64 bit Build 19041 (10.0.19041.5678)
Time: Sun Apr 20 20:26:53 2025 Malay Peninsula Standard Time elapsed time: 0.016651 seconds (0d 0h 0m 0s)

---------------  T H R E A D  ---------------

Current thread (0x000002202b46f9f0):  JavaThread "Unknown thread" [_thread_in_vm, id=10188, stack(0x000000f1bd200000,0x000000f1bd300000) (1024K)]

Stack: [0x000000f1bd200000,0x000000f1bd300000]
Native frames: (J=compiled Java code, j=interpreted, Vv=VM code, C=native code)
V  [jvm.dll+0x6e8fa9]  (no source info available)
V  [jvm.dll+0x8d96b3]  (no source info available)
V  [jvm.dll+0x8dbb3e]  (no source info available)
V  [jvm.dll+0x8dc213]  (no source info available)
V  [jvm.dll+0x281bc6]  (no source info available)
V  [jvm.dll+0x6e5885]  (no source info available)
V  [jvm.dll+0x6d980a]  (no source info available)
V  [jvm.dll+0x36271a]  (no source info available)
V  [jvm.dll+0x36ab46]  (no source info available)
V  [jvm.dll+0x3570ee]  (no source info available)
V  [jvm.dll+0x357388]  (no source info available)
V  [jvm.dll+0x32fd1c]  (no source info available)
V  [jvm.dll+0x3309be]  (no source info available)
V  [jvm.dll+0x89fde5]  (no source info available)
V  [jvm.dll+0x3c0058]  (no source info available)
V  [jvm.dll+0x88881c]  (no source info available)
V  [jvm.dll+0x45a36e]  (no source info available)
V  [jvm.dll+0x45c181]  (no source info available)
C  [jli.dll+0x5278]  (no source info available)
C  [ucrtbase.dll+0x21bb2]  (no source info available)
C  [KERNEL32.DLL+0x17374]  (no source info available)
C  [ntdll.dll+0x4cc91]  (no source info available)

Lock stack of current Java thread (top to bottom):


---------------  P R O C E S S  ---------------

Threads class SMR info:
_java_thread_list=0x00007ffc8f439ad8, length=0, elements={
}

Java Threads: ( => current thread )
Total: 0

Other Threads:
  0x000002202d874e40 WorkerThread "GC Thread#0"                     [id=20980, stack(0x000000f1bd300000,0x000000f1bd400000) (1024K)]
  0x000002202d88a5b0 ConcurrentGCThread "G1 Main Marker"            [id=9864, stack(0x000000f1bd400000,0x000000f1bd500000) (1024K)]
  0x000002202d88b0c0 WorkerThread "G1 Conc#0"                       [id=8476, stack(0x000000f1bd500000,0x000000f1bd600000) (1024K)]

[error occurred during error reporting (printing all threads), id 0xc0000005, EXCEPTION_ACCESS_VIOLATION (0xc0000005) at pc=0x00007ffc8eb1338a]
VM state: not at safepoint (not fully initialized)

VM Mutex/Monitor currently owned by a thread:  ([mutex/lock_event])
[0x00007ffc8f4bcde8] Heap_lock - owner thread: 0x000002202b46f9f0

Heap address: 0x0000000701c00000, size: 4068 MB, Compressed Oops mode: Zero based, Oop shift amount: 3

CDS archive(s) mapped at: [0x0000000000000000-0x0000000000000000-0x0000000000000000), size 0, SharedBaseAddress: 0x0000000800000000, ArchiveRelocationMode: 1.
Narrow klass base: 0x0000000000000000, Narrow klass shift: 0, Narrow klass range: 0x0

GC Precious Log:
 CardTable entry size: 512
 Card Set container configuration: InlinePtr #cards 4 size 8 Array Of Cards #cards 16 size 48 Howl #buckets 8 coarsen threshold 3686 Howl Bitmap #cards 512 size 80 coarsen threshold 460 Card regions per heap region 1 cards per card region 4096

Heap:
 garbage-first heap   total reserved 4165632K, committed 0K, used 0K [0x0000000701c00000, 0x0000000800000000)
  region size 2048K, 0 young (0K), 0 survivors (0K)

[error occurred during error reporting (printing heap information), id 0xc0000005, EXCEPTION_ACCESS_VIOLATION (0xc0000005) at pc=0x00007ffc8ef15529]
GC Heap History (0 events):
No events

Dll operation events (1 events):
Event: 0.013 Loaded shared library C:\Users\marti\.p2\pool\plugins\org.eclipse.justj.openjdk.hotspot.jre.full.win32.x86_64_23.0.2.v20250131-0604\jre\bin\java.dll

Deoptimization events (0 events):
No events

Classes loaded (0 events):
No events

Classes unloaded (0 events):
No events

Classes redefined (0 events):
No events

Internal exceptions (0 events):
No events

VM Operations (0 events):
No events

Memory protections (0 events):
No events

Nmethod flushes (0 events):
No events

Events (0 events):
No events


Dynamic libraries:
0x00007ff701350000 - 0x00007ff70135e000 	C:\Users\marti\.p2\pool\plugins\org.eclipse.justj.openjdk.hotspot.jre.full.win32.x86_64_23.0.2.v20250131-0604\jre\bin\javaw.exe
0x00007ffd1d4d0000 - 0x00007ffd1d6c8000 	C:\WINDOWS\SYSTEM32\ntdll.dll
0x00007ffd1c3a0000 - 0x00007ffd1c462000 	C:\WINDOWS\System32\KERNEL32.DLL
0x00007ffd1ad10000 - 0x00007ffd1b006000 	C:\WINDOWS\System32\KERNELBASE.dll
0x00007ffd1b1e0000 - 0x00007ffd1b2e0000 	C:\WINDOWS\System32\ucrtbase.dll
0x00007ffd10ff0000 - 0x00007ffd1100e000 	C:\Users\marti\.p2\pool\plugins\org.eclipse.justj.openjdk.hotspot.jre.full.win32.x86_64_23.0.2.v20250131-0604\jre\bin\VCRUNTIME140.dll
0x00007ffd14d00000 - 0x00007ffd14d17000 	C:\Users\marti\.p2\pool\plugins\org.eclipse.justj.openjdk.hotspot.jre.full.win32.x86_64_23.0.2.v20250131-0604\jre\bin\jli.dll
0x00007ffd1b710000 - 0x00007ffd1b8ad000 	C:\WINDOWS\System32\USER32.dll
0x00007ffd0ba70000 - 0x00007ffd0bd0a000 	C:\WINDOWS\WinSxS\amd64_microsoft.windows.common-controls_6595b64144ccf1df_6.0.19041.4355_none_60b8b9eb71f62e16\COMCTL32.dll
0x00007ffd1b2e0000 - 0x00007ffd1b302000 	C:\WINDOWS\System32\win32u.dll
0x00007ffd1bce0000 - 0x00007ffd1bd7e000 	C:\WINDOWS\System32\msvcrt.dll
0x00007ffd1cd00000 - 0x00007ffd1cd2b000 	C:\WINDOWS\System32\GDI32.dll
0x00007ffd1b010000 - 0x00007ffd1b12a000 	C:\WINDOWS\System32\gdi32full.dll
0x00007ffd1b450000 - 0x00007ffd1b4ed000 	C:\WINDOWS\System32\msvcp_win.dll
0x00007ffd1cc00000 - 0x00007ffd1cc2f000 	C:\WINDOWS\System32\IMM32.DLL
0x00007ffd15530000 - 0x00007ffd1553c000 	C:\Users\marti\.p2\pool\plugins\org.eclipse.justj.openjdk.hotspot.jre.full.win32.x86_64_23.0.2.v20250131-0604\jre\bin\vcruntime140_1.dll
0x00007ffcf2220000 - 0x00007ffcf22ad000 	C:\Users\marti\.p2\pool\plugins\org.eclipse.justj.openjdk.hotspot.jre.full.win32.x86_64_23.0.2.v20250131-0604\jre\bin\msvcp140.dll
0x00007ffc8e7d0000 - 0x00007ffc8f59e000 	C:\Users\marti\.p2\pool\plugins\org.eclipse.justj.openjdk.hotspot.jre.full.win32.x86_64_23.0.2.v20250131-0604\jre\bin\server\jvm.dll
0x00007ffd1ba60000 - 0x00007ffd1bb0f000 	C:\WINDOWS\System32\ADVAPI32.dll
0x00007ffd1b5a0000 - 0x00007ffd1b63f000 	C:\WINDOWS\System32\sechost.dll
0x00007ffd1cdb0000 - 0x00007ffd1ced3000 	C:\WINDOWS\System32\RPCRT4.dll
0x00007ffd1b3a0000 - 0x00007ffd1b3c7000 	C:\WINDOWS\System32\bcrypt.dll
0x00007ffd1bde0000 - 0x00007ffd1be4b000 	C:\WINDOWS\System32\WS2_32.dll
0x00007ffd1a910000 - 0x00007ffd1a95b000 	C:\WINDOWS\SYSTEM32\POWRPROF.dll
0x00007ffd14800000 - 0x00007ffd1480a000 	C:\WINDOWS\SYSTEM32\VERSION.dll
0x00007ffd0f150000 - 0x00007ffd0f177000 	C:\WINDOWS\SYSTEM32\WINMM.dll
0x00007ffd1a8f0000 - 0x00007ffd1a902000 	C:\WINDOWS\SYSTEM32\UMPDC.dll
0x00007ffd189e0000 - 0x00007ffd189f2000 	C:\WINDOWS\SYSTEM32\kernel.appcore.dll
0x00007ffd159e0000 - 0x00007ffd159ea000 	C:\Users\marti\.p2\pool\plugins\org.eclipse.justj.openjdk.hotspot.jre.full.win32.x86_64_23.0.2.v20250131-0604\jre\bin\jimage.dll
0x00007ffd116a0000 - 0x00007ffd11884000 	C:\WINDOWS\SYSTEM32\DBGHELP.DLL
0x00007ffd11660000 - 0x00007ffd11694000 	C:\WINDOWS\SYSTEM32\dbgcore.DLL
0x00007ffd1b310000 - 0x00007ffd1b392000 	C:\WINDOWS\System32\bcryptPrimitives.dll
0x00007ffd154e0000 - 0x00007ffd154fe000 	C:\Users\marti\.p2\pool\plugins\org.eclipse.justj.openjdk.hotspot.jre.full.win32.x86_64_23.0.2.v20250131-0604\jre\bin\java.dll
0x00007ffd1d360000 - 0x00007ffd1d48b000 	C:\WINDOWS\System32\ole32.dll
0x00007ffd1be50000 - 0x00007ffd1c1a5000 	C:\WINDOWS\System32\combase.dll
0x00007ffd1c470000 - 0x00007ffd1cbdf000 	C:\WINDOWS\System32\SHELL32.dll

dbghelp: loaded successfully - version: 4.0.5 - missing functions: none
symbol engine: initialized successfully - sym options: 0x614 - pdb path: .;C:\Users\marti\.p2\pool\plugins\org.eclipse.justj.openjdk.hotspot.jre.full.win32.x86_64_23.0.2.v20250131-0604\jre\bin;C:\WINDOWS\SYSTEM32;C:\WINDOWS\WinSxS\amd64_microsoft.windows.common-controls_6595b64144ccf1df_6.0.19041.4355_none_60b8b9eb71f62e16;C:\Users\marti\.p2\pool\plugins\org.eclipse.justj.openjdk.hotspot.jre.full.win32.x86_64_23.0.2.v20250131-0604\jre\bin\server

VM Arguments:
jvm_args: -Dfile.encoding=UTF-8 -Dstdout.encoding=UTF-8 -Dstderr.encoding=UTF-8 -XX:+ShowCodeDetailsInExceptionMessages 
java_command: Main
java_class_path (initial): C:\Users\marti\eclipse-workspace\ObjectOrientedProgramming\bin
Launcher Type: SUN_STANDARD

[Global flags]
     intx CICompilerCount                          = 4                                         {product} {ergonomic}
     uint ConcGCThreads                            = 2                                         {product} {ergonomic}
     uint G1ConcRefinementThreads                  = 8                                         {product} {ergonomic}
   size_t G1HeapRegionSize                         = 2097152                                   {product} {ergonomic}
   size_t InitialHeapSize                          = 268435456                                 {product} {ergonomic}
   size_t MarkStackSize                            = 4194304                                   {product} {ergonomic}
   size_t MarkStackSizeMax                         = 536870912                                 {product} {ergonomic}
   size_t MaxHeapSize                              = 4265607168                                {product} {ergonomic}
   size_t MinHeapDeltaBytes                        = 2097152                                   {product} {ergonomic}
   size_t MinHeapSize                              = 8388608                                   {product} {ergonomic}
    uintx NonNMethodCodeHeapSize                   = 5832704                                {pd product} {ergonomic}
    uintx NonProfiledCodeHeapSize                  = 122945536                              {pd product} {ergonomic}
    uintx ProfiledCodeHeapSize                     = 122880000                              {pd product} {ergonomic}
    uintx ReservedCodeCacheSize                    = 251658240                              {pd product} {ergonomic}
     bool SegmentedCodeCache                       = true                                      {product} {ergonomic}
     bool ShowCodeDetailsInExceptionMessages       = true                                   {manageable} {command line}
   size_t SoftMaxHeapSize                          = 4265607168                             {manageable} {ergonomic}
     bool UseCompressedOops                        = true                           {product lp64_product} {ergonomic}
     bool UseG1GC                                  = true                                      {product} {ergonomic}
     bool UseLargePagesIndividualAllocation        = false                                  {pd product} {ergonomic}

Logging:
Log output configuration:
 #0: stdout all=warning uptime,level,tags foldmultilines=false
 #1: stderr all=off uptime,level,tags foldmultilines=false

Environment Variables:
JAVA_HOME=C:\Program Files\Java\jdk-24
PATH=C:/Users/marti/.p2/pool/plugins/org.eclipse.justj.openjdk.hotspot.jre.full.win32.x86_64_23.0.2.v20250131-0604/jre/bin/server;C:/Users/marti/.p2/pool/plugins/org.eclipse.justj.openjdk.hotspot.jre.full.win32.x86_64_23.0.2.v20250131-0604/jre/bin;C:\Program Files\Common Files\Oracle\Java\javapath;C:\Program Files (x86)\Common Files\Oracle\Java\java8path;C:\Program Files (x86)\Common Files\Oracle\Java\javapath;C:\WINDOWS\system32;C:\WINDOWS;C:\WINDOWS\System32\Wbem;C:\WINDOWS\System32\WindowsPowerShell\v1.0\;C:\WINDOWS\System32\OpenSSH\;C:\Program Files\Git\cmd;C:\Program Files\GitHub CLI\;C:\Program Files\NVIDIA Corporation\NVIDIA App\NvDLISR;C:\Program Files (x86)\NVIDIA Corporation\PhysX\Common;C:\Program Files\Java\jdk-24\bin;C:\Users\marti\AppData\Local\Programs\Python\Python313\Scripts\;C:\Users\marti\AppData\Local\Programs\Python\Python313\;C:\Users\marti\AppData\Local\Microsoft\WindowsApps;C:\Users\marti\AppData\Local\Programs\Microsoft VS Code\bin;C:\Users\marti\AppData\Local\Programs\Python\Python313;C:\msys64\ucrt64\bin;C:\Users\marti\AppData\Local\GitHubDesktop\bin;C:\Program Files\Git\bin;C:\Program Files\MySQL\MySQL Server 8.0\bin;C:\Program Files\NetBeans-25\netbeans\bin;C:\Program Files\apache-maven-3.9.9\bin;C:\Program Files\Java\jdk-24\bin;;C:\Windows;
USERNAME=marti
OS=Windows_NT
PROCESSOR_IDENTIFIER=Intel64 Family 6 Model 158 Stepping 9, GenuineIntel
TMP=C:\Users\marti\AppData\Local\Temp
TEMP=C:\Users\marti\AppData\Local\Temp




Periodic native trim disabled

---------------  S Y S T E M  ---------------

OS:
 Windows 10 , 64 bit Build 19041 (10.0.19041.5678)
OS uptime: 10 days 17:33 hours

CPU: total 8 (initial active 8) (4 cores per cpu, 2 threads per core) family 6 model 158 stepping 9 microcode 0xb4, cx8, cmov, fxsr, ht, mmx, 3dnowpref, sse, sse2, sse3, ssse3, sse4.1, sse4.2, popcnt, lzcnt, tsc, tscinvbit, avx, avx2, aes, erms, clmul, bmi1, bmi2, adx, fma, vzeroupper, clflush, clflushopt, rdtscp, f16c
Processor Information for the first 8 processors :
  Max Mhz: 2801, Current Mhz: 2801, Mhz Limit: 2801

Memory: 4k page, system-wide physical 16268M (5138M free)
TotalPageFile size 65420M (AvailPageFile size 14M)
current process WorkingSet (physical memory assigned to process): 11M, peak: 11M
current process commit charge ("private bytes"): 60M, peak: 316M

vm_info: OpenJDK 64-Bit Server VM (23.0.2+7) for windows-amd64 JRE (23.0.2+7), built on 2025-01-21T00:00:00Z with MS VC++ 17.7 (VS2022)

END.
